<?xml version="1.0" encoding="UTF-8"?>
<!-- Generated by org.testng.reporters.JUnitReportReporter -->
<testsuite skipped="0" hostname="t5bvdiw10dv0339" name="academy.SeleniumTest" tests="2" failures="0" timestamp="2020-05-27T12:38:19 IST" time="9.994" errors="0">
  <testcase name="sele1" time="0.001" classname="academy.SeleniumTest"/>
  <testcase name="sele" time="9.993" classname="academy.SeleniumTest"/>
</testsuite> <!-- academy.SeleniumTest -->
