<?xml version="1.0" encoding="UTF-8"?>
<!-- Generated by org.testng.reporters.JUnitReportReporter -->
<testsuite hostname="t5bvdiw10dv0339" failures="0" tests="2" name="academy.TestngTest" time="0.010" errors="0" timestamp="26 May 2020 11:01:14 GMT">
  <testcase classname="academy.TestngTest" name="testng1" time="0.000"/>
  <testcase classname="academy.TestngTest" name="testng" time="0.010"/>
</testsuite> <!-- academy.TestngTest -->
