<?xml version="1.0" encoding="UTF-8"?>
<!-- Generated by org.testng.reporters.JUnitReportReporter -->
<testsuite hostname="t5bvdiw10dv0339" failures="0" tests="2" name="academy.AppiumTest" time="0.009" errors="0" timestamp="26 May 2020 11:03:33 GMT">
  <testcase classname="academy.AppiumTest" name="app" time="0.009"/>
  <testcase classname="academy.AppiumTest" name="app1" time="0.000"/>
</testsuite> <!-- academy.AppiumTest -->
