<?xml version="1.0" encoding="UTF-8"?>
<!-- Generated by org.testng.reporters.JUnitReportReporter -->
<testsuite hostname="t5bvdiw10dv0339" failures="0" tests="2" name="academy.SeleniumTest" time="12.035" errors="0" timestamp="27 May 2020 07:24:00 GMT">
  <testcase classname="academy.SeleniumTest" name="sele" time="12.035"/>
  <testcase classname="academy.SeleniumTest" name="sele1" time="0.000"/>
</testsuite> <!-- academy.SeleniumTest -->
